<?xml version="1.0" encoding="UTF-8"?>
<coverage generated="1779411417246" clover="3.2.0">
  <project timestamp="1779411417246" name="All files">
    <metrics statements="63" coveredstatements="63" conditionals="19" coveredconditionals="19" methods="8" coveredmethods="8" elements="90" coveredelements="90" complexity="0" loc="63" ncloc="63" packages="1" files="1" classes="1"/>
    <file name="app.js" path="C:\Users\gabriel.lima\Documents\unifor-projetos\api-express\src\app.js">
      <metrics statements="63" coveredstatements="63" conditionals="19" coveredconditionals="19" methods="8" coveredmethods="8"/>
      <line num="1" count="2" type="stmt"/>
      <line num="2" count="2" type="stmt"/>
      <line num="3" count="2" type="stmt"/>
      <line num="4" count="2" type="stmt"/>
      <line num="7" count="2" type="stmt"/>
      <line num="8" count="2" type="stmt"/>
      <line num="9" count="2" type="stmt"/>
      <line num="11" count="2" type="stmt"/>
      <line num="12" count="2" type="stmt"/>
      <line num="14" count="2" type="stmt"/>
      <line num="15" count="2" type="stmt"/>
      <line num="16" count="2" type="stmt"/>
      <line num="17" count="2" type="stmt"/>
      <line num="18" count="2" type="stmt"/>
      <line num="20" count="2" type="stmt"/>
      <line num="23" count="2" type="stmt"/>
      <line num="28" count="2" type="stmt"/>
      <line num="33" count="2" type="stmt"/>
      <line num="40" count="2" type="stmt"/>
      <line num="41" count="9" type="stmt"/>
      <line num="42" count="9" type="cond" truecount="2" falsecount="0"/>
      <line num="43" count="3" type="stmt"/>
      <line num="44" count="3" type="stmt"/>
      <line num="46" count="9" type="stmt"/>
      <line num="49" count="2" type="stmt"/>
      <line num="50" count="9" type="stmt"/>
      <line num="51" count="9" type="stmt"/>
      <line num="53" count="8" type="cond" truecount="2" falsecount="0"/>
      <line num="54" count="2" type="stmt"/>
      <line num="57" count="6" type="stmt"/>
      <line num="58" count="6" type="cond" truecount="2" falsecount="0"/>
      <line num="60" count="6" type="stmt"/>
      <line num="63" count="3" type="stmt"/>
      <line num="64" count="3" type="stmt"/>
      <line num="69" count="2" type="stmt"/>
      <line num="70" count="2" type="stmt"/>
      <line num="73" count="2" type="stmt"/>
      <line num="74" count="13" type="stmt"/>
      <line num="76" count="13" type="cond" truecount="5" falsecount="0"/>
      <line num="77" count="2" type="stmt"/>
      <line num="80" count="19" type="stmt"/>
      <line num="81" count="11" type="cond" truecount="2" falsecount="0"/>
      <line num="82" count="2" type="stmt"/>
      <line num="85" count="9" type="stmt"/>
      <line num="87" count="9" type="stmt"/>
      <line num="88" count="9" type="stmt"/>
      <line num="89" count="6" type="stmt"/>
      <line num="91" count="3" type="stmt"/>
      <line num="94" count="6" type="cond" truecount="2" falsecount="0"/>
      <line num="95" count="2" type="stmt"/>
      <line num="98" count="4" type="stmt"/>
      <line num="100" count="4" type="stmt"/>
      <line num="106" count="4" type="stmt"/>
      <line num="108" count="4" type="stmt"/>
      <line num="111" count="2" type="stmt"/>
      <line num="112" count="16" type="stmt"/>
      <line num="114" count="6" type="cond" truecount="2" falsecount="0"/>
      <line num="115" count="2" type="stmt"/>
      <line num="118" count="6" type="stmt"/>
      <line num="120" count="4" type="cond" truecount="2" falsecount="0"/>
      <line num="121" count="2" type="stmt"/>
      <line num="124" count="2" type="stmt"/>
      <line num="130" count="2" type="stmt"/>
    </file>
  </project>
</coverage>
