{"C:\\Users\\gabriel.lima\\Documents\\unifor-projetos\\api-express\\src\\app.js": {"path":"C:\\Users\\gabriel.lima\\Documents\\unifor-projetos\\api-express\\src\\app.js","statementMap":{"0":{"start":{"line":1,"column":16},"end":{"line":1,"column":34}},"1":{"start":{"line":2,"column":14},"end":{"line":2,"column":30}},"2":{"start":{"line":3,"column":12},"end":{"line":3,"column":21}},"3":{"start":{"line":4,"column":0},"end":{"line":4,"column":24}},"4":{"start":{"line":7,"column":22},"end":{"line":7,"column":27}},"5":{"start":{"line":8,"column":25},"end":{"line":8,"column":33}},"6":{"start":{"line":9,"column":30},"end":{"line":9,"column":40}},"7":{"start":{"line":11,"column":32},"end":{"line":11,"column":36}},"8":{"start":{"line":12,"column":32},"end":{"line":12,"column":34}},"9":{"start":{"line":14,"column":24},"end":{"line":14,"column":26}},"10":{"start":{"line":15,"column":26},"end":{"line":15,"column":27}},"11":{"start":{"line":16,"column":22},"end":{"line":16,"column":24}},"12":{"start":{"line":17,"column":21},"end":{"line":17,"column":25}},"13":{"start":{"line":18,"column":17},"end":{"line":18,"column":21}},"14":{"start":{"line":20,"column":23},"end":{"line":20,"column":49}},"15":{"start":{"line":23,"column":22},"end":{"line":26,"column":1}},"16":{"start":{"line":28,"column":15},"end":{"line":31,"column":1}},"17":{"start":{"line":33,"column":14},"end":{"line":37,"column":1}},"18":{"start":{"line":40,"column":33},"end":{"line":47,"column":1}},"19":{"start":{"line":41,"column":19},"end":{"line":41,"column":29}},"20":{"start":{"line":42,"column":2},"end":{"line":45,"column":3}},"21":{"start":{"line":43,"column":4},"end":{"line":43,"column":60}},"22":{"start":{"line":44,"column":4},"end":{"line":44,"column":42}},"23":{"start":{"line":46,"column":2},"end":{"line":46,"column":20}},"24":{"start":{"line":49,"column":23},"end":{"line":66,"column":1}},"25":{"start":{"line":50,"column":2},"end":{"line":65,"column":3}},"26":{"start":{"line":51,"column":21},"end":{"line":51,"column":77}},"27":{"start":{"line":53,"column":4},"end":{"line":55,"column":5}},"28":{"start":{"line":54,"column":6},"end":{"line":54,"column":38}},"29":{"start":{"line":57,"column":15},"end":{"line":57,"column":31}},"30":{"start":{"line":58,"column":18},"end":{"line":58,"column":87}},"31":{"start":{"line":60,"column":4},"end":{"line":60,"column":17}},"32":{"start":{"line":63,"column":4},"end":{"line":63,"column":56}},"33":{"start":{"line":64,"column":4},"end":{"line":64,"column":54}},"34":{"start":{"line":69,"column":0},"end":{"line":71,"column":3}},"35":{"start":{"line":70,"column":2},"end":{"line":70,"column":20}},"36":{"start":{"line":73,"column":0},"end":{"line":109,"column":3}},"37":{"start":{"line":74,"column":48},"end":{"line":74,"column":56}},"38":{"start":{"line":76,"column":2},"end":{"line":78,"column":3}},"39":{"start":{"line":77,"column":4},"end":{"line":77,"column":114}},"40":{"start":{"line":80,"column":18},"end":{"line":80,"column":56}},"41":{"start":{"line":80,"column":37},"end":{"line":80,"column":55}},"42":{"start":{"line":81,"column":2},"end":{"line":83,"column":3}},"43":{"start":{"line":82,"column":4},"end":{"line":82,"column":68}},"44":{"start":{"line":85,"column":19},"end":{"line":85,"column":69}},"45":{"start":{"line":87,"column":2},"end":{"line":92,"column":3}},"46":{"start":{"line":88,"column":18},"end":{"line":88,"column":50}},"47":{"start":{"line":89,"column":4},"end":{"line":89,"column":24}},"48":{"start":{"line":91,"column":4},"end":{"line":91,"column":57}},"49":{"start":{"line":94,"column":2},"end":{"line":96,"column":3}},"50":{"start":{"line":95,"column":4},"end":{"line":95,"column":64}},"51":{"start":{"line":98,"column":2},"end":{"line":98,"column":30}},"52":{"start":{"line":100,"column":21},"end":{"line":105,"column":3}},"53":{"start":{"line":106,"column":2},"end":{"line":106,"column":27}},"54":{"start":{"line":108,"column":2},"end":{"line":108,"column":42}},"55":{"start":{"line":111,"column":0},"end":{"line":128,"column":3}},"56":{"start":{"line":112,"column":17},"end":{"line":112,"column":68}},"57":{"start":{"line":112,"column":35},"end":{"line":112,"column":67}},"58":{"start":{"line":114,"column":2},"end":{"line":116,"column":3}},"59":{"start":{"line":115,"column":4},"end":{"line":115,"column":67}},"60":{"start":{"line":118,"column":21},"end":{"line":118,"column":66}},"61":{"start":{"line":118,"column":40},"end":{"line":118,"column":65}},"62":{"start":{"line":120,"column":2},"end":{"line":122,"column":3}},"63":{"start":{"line":121,"column":4},"end":{"line":121,"column":75}},"64":{"start":{"line":124,"column":2},"end":{"line":127,"column":5}},"65":{"start":{"line":130,"column":0},"end":{"line":130,"column":21}}},"fnMap":{"0":{"name":"(anonymous_0)","decl":{"start":{"line":40,"column":33},"end":{"line":40,"column":34}},"loc":{"start":{"line":40,"column":59},"end":{"line":47,"column":1}},"line":40},"1":{"name":"(anonymous_1)","decl":{"start":{"line":49,"column":23},"end":{"line":49,"column":24}},"loc":{"start":{"line":49,"column":45},"end":{"line":66,"column":1}},"line":49},"2":{"name":"(anonymous_2)","decl":{"start":{"line":69,"column":20},"end":{"line":69,"column":21}},"loc":{"start":{"line":69,"column":34},"end":{"line":71,"column":1}},"line":69},"3":{"name":"(anonymous_3)","decl":{"start":{"line":73,"column":21},"end":{"line":73,"column":22}},"loc":{"start":{"line":73,"column":41},"end":{"line":109,"column":1}},"line":73},"4":{"name":"(anonymous_4)","decl":{"start":{"line":80,"column":32},"end":{"line":80,"column":33}},"loc":{"start":{"line":80,"column":37},"end":{"line":80,"column":55}},"line":80},"5":{"name":"(anonymous_5)","decl":{"start":{"line":111,"column":24},"end":{"line":111,"column":25}},"loc":{"start":{"line":111,"column":38},"end":{"line":128,"column":1}},"line":111},"6":{"name":"(anonymous_6)","decl":{"start":{"line":112,"column":30},"end":{"line":112,"column":31}},"loc":{"start":{"line":112,"column":35},"end":{"line":112,"column":67}},"line":112},"7":{"name":"(anonymous_7)","decl":{"start":{"line":118,"column":35},"end":{"line":118,"column":36}},"loc":{"start":{"line":118,"column":40},"end":{"line":118,"column":65}},"line":118}},"branchMap":{"0":{"loc":{"start":{"line":42,"column":2},"end":{"line":45,"column":3}},"type":"if","locations":[{"start":{"line":42,"column":2},"end":{"line":45,"column":3}},{"start":{},"end":{}}],"line":42},"1":{"loc":{"start":{"line":53,"column":4},"end":{"line":55,"column":5}},"type":"if","locations":[{"start":{"line":53,"column":4},"end":{"line":55,"column":5}},{"start":{},"end":{}}],"line":53},"2":{"loc":{"start":{"line":58,"column":18},"end":{"line":58,"column":87}},"type":"cond-expr","locations":[{"start":{"line":58,"column":52},"end":{"line":58,"column":69}},{"start":{"line":58,"column":72},"end":{"line":58,"column":87}}],"line":58},"3":{"loc":{"start":{"line":76,"column":2},"end":{"line":78,"column":3}},"type":"if","locations":[{"start":{"line":76,"column":2},"end":{"line":78,"column":3}},{"start":{},"end":{}}],"line":76},"4":{"loc":{"start":{"line":76,"column":6},"end":{"line":76,"column":46}},"type":"binary-expr","locations":[{"start":{"line":76,"column":6},"end":{"line":76,"column":16}},{"start":{"line":76,"column":20},"end":{"line":76,"column":31}},{"start":{"line":76,"column":35},"end":{"line":76,"column":46}}],"line":76},"5":{"loc":{"start":{"line":81,"column":2},"end":{"line":83,"column":3}},"type":"if","locations":[{"start":{"line":81,"column":2},"end":{"line":83,"column":3}},{"start":{},"end":{}}],"line":81},"6":{"loc":{"start":{"line":94,"column":2},"end":{"line":96,"column":3}},"type":"if","locations":[{"start":{"line":94,"column":2},"end":{"line":96,"column":3}},{"start":{},"end":{}}],"line":94},"7":{"loc":{"start":{"line":114,"column":2},"end":{"line":116,"column":3}},"type":"if","locations":[{"start":{"line":114,"column":2},"end":{"line":116,"column":3}},{"start":{},"end":{}}],"line":114},"8":{"loc":{"start":{"line":120,"column":2},"end":{"line":122,"column":3}},"type":"if","locations":[{"start":{"line":120,"column":2},"end":{"line":122,"column":3}},{"start":{},"end":{}}],"line":120}},"s":{"0":2,"1":2,"2":2,"3":2,"4":2,"5":2,"6":2,"7":2,"8":2,"9":2,"10":2,"11":2,"12":2,"13":2,"14":2,"15":2,"16":2,"17":2,"18":2,"19":9,"20":9,"21":3,"22":3,"23":9,"24":2,"25":9,"26":9,"27":8,"28":2,"29":6,"30":6,"31":6,"32":3,"33":3,"34":2,"35":2,"36":2,"37":13,"38":13,"39":2,"40":11,"41":19,"42":11,"43":2,"44":9,"45":9,"46":9,"47":6,"48":3,"49":6,"50":2,"51":4,"52":4,"53":4,"54":4,"55":2,"56":6,"57":16,"58":6,"59":2,"60":4,"61":6,"62":4,"63":2,"64":2,"65":2},"f":{"0":9,"1":9,"2":2,"3":13,"4":19,"5":6,"6":16,"7":6},"b":{"0":[3,6],"1":[2,6],"2":[4,2],"3":[2,11],"4":[13,13,11],"5":[2,9],"6":[2,4],"7":[2,4],"8":[2,2]},"_coverageSchema":"1a1c01bbd47fc00a2c39e90264f33305004495a9","hash":"b56a7989364bfba6b97eaf01d48356f0f0709c57"}
}
