{"C:\\Users\\gabriel.lima\\Documents\\unifor-projetos\\api-express\\src\\app.js": {"path":"C:\\Users\\gabriel.lima\\Documents\\unifor-projetos\\api-express\\src\\app.js","statementMap":{"0":{"start":{"line":1,"column":16},"end":{"line":1,"column":34}},"1":{"start":{"line":2,"column":14},"end":{"line":2,"column":30}},"2":{"start":{"line":3,"column":12},"end":{"line":3,"column":21}},"3":{"start":{"line":4,"column":0},"end":{"line":4,"column":24}},"4":{"start":{"line":6,"column":15},"end":{"line":9,"column":1}},"5":{"start":{"line":11,"column":14},"end":{"line":15,"column":1}},"6":{"start":{"line":17,"column":0},"end":{"line":19,"column":2}},"7":{"start":{"line":18,"column":2},"end":{"line":18,"column":20}},"8":{"start":{"line":21,"column":0},"end":{"line":77,"column":3}},"9":{"start":{"line":22,"column":48},"end":{"line":22,"column":56}},"10":{"start":{"line":24,"column":2},"end":{"line":26,"column":3}},"11":{"start":{"line":25,"column":4},"end":{"line":25,"column":61}},"12":{"start":{"line":28,"column":18},"end":{"line":28,"column":56}},"13":{"start":{"line":28,"column":37},"end":{"line":28,"column":55}},"14":{"start":{"line":29,"column":2},"end":{"line":31,"column":3}},"15":{"start":{"line":30,"column":4},"end":{"line":30,"column":68}},"16":{"start":{"line":33,"column":19},"end":{"line":33,"column":29}},"17":{"start":{"line":34,"column":2},"end":{"line":37,"column":3}},"18":{"start":{"line":35,"column":4},"end":{"line":35,"column":35}},"19":{"start":{"line":36,"column":4},"end":{"line":36,"column":33}},"20":{"start":{"line":40,"column":2},"end":{"line":60,"column":3}},"21":{"start":{"line":41,"column":21},"end":{"line":41,"column":84}},"22":{"start":{"line":43,"column":4},"end":{"line":45,"column":5}},"23":{"start":{"line":44,"column":6},"end":{"line":44,"column":60}},"24":{"start":{"line":47,"column":16},"end":{"line":47,"column":18}},"25":{"start":{"line":48,"column":4},"end":{"line":50,"column":5}},"26":{"start":{"line":49,"column":6},"end":{"line":49,"column":16}},"27":{"start":{"line":52,"column":4},"end":{"line":54,"column":5}},"28":{"start":{"line":53,"column":6},"end":{"line":53,"column":17}},"29":{"start":{"line":56,"column":4},"end":{"line":56,"column":24}},"30":{"start":{"line":59,"column":4},"end":{"line":59,"column":76}},"31":{"start":{"line":62,"column":2},"end":{"line":64,"column":3}},"32":{"start":{"line":63,"column":4},"end":{"line":63,"column":64}},"33":{"start":{"line":66,"column":2},"end":{"line":66,"column":30}},"34":{"start":{"line":68,"column":21},"end":{"line":73,"column":3}},"35":{"start":{"line":74,"column":2},"end":{"line":74,"column":27}},"36":{"start":{"line":76,"column":2},"end":{"line":76,"column":42}},"37":{"start":{"line":79,"column":0},"end":{"line":88,"column":3}},"38":{"start":{"line":80,"column":17},"end":{"line":80,"column":57}},"39":{"start":{"line":80,"column":35},"end":{"line":80,"column":56}},"40":{"start":{"line":82,"column":21},"end":{"line":82,"column":66}},"41":{"start":{"line":82,"column":40},"end":{"line":82,"column":65}},"42":{"start":{"line":84,"column":2},"end":{"line":87,"column":5}},"43":{"start":{"line":90,"column":0},"end":{"line":90,"column":21}}},"fnMap":{"0":{"name":"(anonymous_0)","decl":{"start":{"line":17,"column":20},"end":{"line":17,"column":21}},"loc":{"start":{"line":17,"column":34},"end":{"line":19,"column":1}},"line":17},"1":{"name":"(anonymous_1)","decl":{"start":{"line":21,"column":21},"end":{"line":21,"column":22}},"loc":{"start":{"line":21,"column":41},"end":{"line":77,"column":1}},"line":21},"2":{"name":"(anonymous_2)","decl":{"start":{"line":28,"column":32},"end":{"line":28,"column":33}},"loc":{"start":{"line":28,"column":37},"end":{"line":28,"column":55}},"line":28},"3":{"name":"(anonymous_3)","decl":{"start":{"line":79,"column":24},"end":{"line":79,"column":25}},"loc":{"start":{"line":79,"column":38},"end":{"line":88,"column":1}},"line":79},"4":{"name":"(anonymous_4)","decl":{"start":{"line":80,"column":30},"end":{"line":80,"column":31}},"loc":{"start":{"line":80,"column":35},"end":{"line":80,"column":56}},"line":80},"5":{"name":"(anonymous_5)","decl":{"start":{"line":82,"column":35},"end":{"line":82,"column":36}},"loc":{"start":{"line":82,"column":40},"end":{"line":82,"column":65}},"line":82}},"branchMap":{"0":{"loc":{"start":{"line":24,"column":2},"end":{"line":26,"column":3}},"type":"if","locations":[{"start":{"line":24,"column":2},"end":{"line":26,"column":3}},{"start":{},"end":{}}],"line":24},"1":{"loc":{"start":{"line":24,"column":6},"end":{"line":24,"column":31}},"type":"binary-expr","locations":[{"start":{"line":24,"column":6},"end":{"line":24,"column":16}},{"start":{"line":24,"column":20},"end":{"line":24,"column":31}}],"line":24},"2":{"loc":{"start":{"line":29,"column":2},"end":{"line":31,"column":3}},"type":"if","locations":[{"start":{"line":29,"column":2},"end":{"line":31,"column":3}},{"start":{},"end":{}}],"line":29},"3":{"loc":{"start":{"line":34,"column":2},"end":{"line":37,"column":3}},"type":"if","locations":[{"start":{"line":34,"column":2},"end":{"line":37,"column":3}},{"start":{},"end":{}}],"line":34},"4":{"loc":{"start":{"line":43,"column":4},"end":{"line":45,"column":5}},"type":"if","locations":[{"start":{"line":43,"column":4},"end":{"line":45,"column":5}},{"start":{},"end":{}}],"line":43},"5":{"loc":{"start":{"line":48,"column":4},"end":{"line":50,"column":5}},"type":"if","locations":[{"start":{"line":48,"column":4},"end":{"line":50,"column":5}},{"start":{},"end":{}}],"line":48},"6":{"loc":{"start":{"line":52,"column":4},"end":{"line":54,"column":5}},"type":"if","locations":[{"start":{"line":52,"column":4},"end":{"line":54,"column":5}},{"start":{},"end":{}}],"line":52},"7":{"loc":{"start":{"line":62,"column":2},"end":{"line":64,"column":3}},"type":"if","locations":[{"start":{"line":62,"column":2},"end":{"line":64,"column":3}},{"start":{},"end":{}}],"line":62},"8":{"loc":{"start":{"line":86,"column":13},"end":{"line":86,"column":66}},"type":"cond-expr","locations":[{"start":{"line":86,"column":26},"end":{"line":86,"column":41}},{"start":{"line":86,"column":44},"end":{"line":86,"column":66}}],"line":86}},"s":{"0":1,"1":1,"2":1,"3":1,"4":1,"5":1,"6":1,"7":0,"8":1,"9":4,"10":4,"11":0,"12":4,"13":8,"14":4,"15":0,"16":4,"17":4,"18":0,"19":0,"20":4,"21":4,"22":3,"23":1,"24":2,"25":2,"26":1,"27":2,"28":1,"29":2,"30":1,"31":2,"32":1,"33":1,"34":1,"35":1,"36":1,"37":1,"38":0,"39":0,"40":0,"41":0,"42":0,"43":1},"f":{"0":0,"1":4,"2":8,"3":0,"4":0,"5":0},"b":{"0":[0,4],"1":[4,4],"2":[0,4],"3":[0,4],"4":[1,2],"5":[1,1],"6":[1,1],"7":[1,1],"8":[0,0]},"_coverageSchema":"1a1c01bbd47fc00a2c39e90264f33305004495a9","hash":"bb04373e444f5516cff2c754a2db790d14424719"}
}
