TN:
SF:src\app.js
FN:17,(anonymous_0)
FN:21,(anonymous_1)
FN:28,(anonymous_2)
FN:79,(anonymous_3)
FN:80,(anonymous_4)
FN:82,(anonymous_5)
FNF:6
FNH:2
FNDA:0,(anonymous_0)
FNDA:4,(anonymous_1)
FNDA:8,(anonymous_2)
FNDA:0,(anonymous_3)
FNDA:0,(anonymous_4)
FNDA:0,(anonymous_5)
DA:1,1
DA:2,1
DA:3,1
DA:4,1
DA:6,1
DA:11,1
DA:17,1
DA:18,0
DA:21,1
DA:22,4
DA:24,4
DA:25,0
DA:28,8
DA:29,4
DA:30,0
DA:33,4
DA:34,4
DA:35,0
DA:36,0
DA:40,4
DA:41,4
DA:43,3
DA:44,1
DA:47,2
DA:48,2
DA:49,1
DA:52,2
DA:53,1
DA:56,2
DA:59,1
DA:62,2
DA:63,1
DA:66,1
DA:68,1
DA:74,1
DA:76,1
DA:79,1
DA:80,0
DA:82,0
DA:84,0
DA:90,1
LF:41
LH:33
BRDA:24,0,0,0
BRDA:24,0,1,4
BRDA:24,1,0,4
BRDA:24,1,1,4
BRDA:29,2,0,0
BRDA:29,2,1,4
BRDA:34,3,0,0
BRDA:34,3,1,4
BRDA:43,4,0,1
BRDA:43,4,1,2
BRDA:48,5,0,1
BRDA:48,5,1,1
BRDA:52,6,0,1
BRDA:52,6,1,1
BRDA:62,7,0,1
BRDA:62,7,1,1
BRDA:86,8,0,0
BRDA:86,8,1,0
BRF:18
BRH:13
end_of_record
