TN:
SF:src\app.js
FN:40,(anonymous_0)
FN:49,(anonymous_1)
FN:69,(anonymous_2)
FN:73,(anonymous_3)
FN:80,(anonymous_4)
FN:111,(anonymous_5)
FN:112,(anonymous_6)
FN:118,(anonymous_7)
FNF:8
FNH:8
FNDA:9,(anonymous_0)
FNDA:9,(anonymous_1)
FNDA:2,(anonymous_2)
FNDA:13,(anonymous_3)
FNDA:19,(anonymous_4)
FNDA:6,(anonymous_5)
FNDA:16,(anonymous_6)
FNDA:6,(anonymous_7)
DA:1,2
DA:2,2
DA:3,2
DA:4,2
DA:7,2
DA:8,2
DA:9,2
DA:11,2
DA:12,2
DA:14,2
DA:15,2
DA:16,2
DA:17,2
DA:18,2
DA:20,2
DA:23,2
DA:28,2
DA:33,2
DA:40,2
DA:41,9
DA:42,9
DA:43,3
DA:44,3
DA:46,9
DA:49,2
DA:50,9
DA:51,9
DA:53,8
DA:54,2
DA:57,6
DA:58,6
DA:60,6
DA:63,3
DA:64,3
DA:69,2
DA:70,2
DA:73,2
DA:74,13
DA:76,13
DA:77,2
DA:80,19
DA:81,11
DA:82,2
DA:85,9
DA:87,9
DA:88,9
DA:89,6
DA:91,3
DA:94,6
DA:95,2
DA:98,4
DA:100,4
DA:106,4
DA:108,4
DA:111,2
DA:112,16
DA:114,6
DA:115,2
DA:118,6
DA:120,4
DA:121,2
DA:124,2
DA:130,2
LF:63
LH:63
BRDA:42,0,0,3
BRDA:42,0,1,6
BRDA:53,1,0,2
BRDA:53,1,1,6
BRDA:58,2,0,4
BRDA:58,2,1,2
BRDA:76,3,0,2
BRDA:76,3,1,11
BRDA:76,4,0,13
BRDA:76,4,1,13
BRDA:76,4,2,11
BRDA:81,5,0,2
BRDA:81,5,1,9
BRDA:94,6,0,2
BRDA:94,6,1,4
BRDA:114,7,0,2
BRDA:114,7,1,4
BRDA:120,8,0,2
BRDA:120,8,1,2
BRF:19
BRH:19
end_of_record
